<?xml version="1.0" encoding="UTF-8"?>
<!-- Generated by org.testng.reporters.JUnitXMLReporter -->
<testsuite hostname="30527-IA" name="Test" tests="1" failures="1" timestamp="25 Jul 2019 16:59:25 GMT" time="89.53" errors="0">
  <testcase name="runCukes" time="86.407" classname="tests.CukesRunnerTest">
    <failure type="cucumber.runtime.CucumberException" message="java.lang.Exception: Element Not found or Element state not ready to perform action">
      <![CDATA[cucumber.runtime.CucumberException: java.lang.Exception: Element Not found or Element state not ready to perform action
	at cucumber.api.testng.TestNGCucumberRunner.runCukes(TestNGCucumberRunner.java:57)
	at tests.CukesRunnerTest.runCukes(CukesRunnerTest.java:57)
Caused by: java.lang.Exception: Element Not found or Element state not ready to perform action
	at engine.ActionEngine.click(ActionEngine.java:219)
	at stepdefinitions.MeasureLibraryOR.select_patient_based_indicator(MeasureLibraryOR.java:338)
	at âœ½.Then I select patient based indicator as "No"(src/test/java/features/smoke1.feature:16)
... Removed 24 stack frames]]>
    </failure>
  </testcase> <!-- runCukes -->
</testsuite> <!-- Test -->
